Using pre-set license
Built from '2021.3/release' branch; Version is '2021.3.12f1 (8af3c3e441b1) revision 9106371'; Using compiler version '192829333'; Build Type 'Release'
OS: 'Windows 10  (10.0.19045) 64bit Education' Language: 'ko' Physical Memory: 16297 MB
BatchMode: 1, IsHumanControllingUs: 0, StartBugReporterOnCrash: 0, Is64bit: 1, IsPro: 1

COMMAND LINE ARGUMENTS:
C:\Program Files\Unity\Hub\Editor\2021.3.12f1\Editor\Unity.exe
-adb2
-batchMode
-noUpm
-name
AssetImportWorker0
-projectPath
C:/Users/Administrator/Desktop/unity0513/siha0513anima
-logFile
Logs/AssetImportWorker0.log
-srvPort
50384
Successfully changed project path to: C:/Users/Administrator/Desktop/unity0513/siha0513anima
C:/Users/Administrator/Desktop/unity0513/siha0513anima
[UnityMemory] Configuration Parameters - Can be set up in boot.config
    "memorysetup-bucket-allocator-granularity=16"
    "memorysetup-bucket-allocator-bucket-count=8"
    "memorysetup-bucket-allocator-block-size=33554432"
    "memorysetup-bucket-allocator-block-count=8"
    "memorysetup-main-allocator-block-size=16777216"
    "memorysetup-thread-allocator-block-size=16777216"
    "memorysetup-gfx-main-allocator-block-size=16777216"
    "memorysetup-gfx-thread-allocator-block-size=16777216"
    "memorysetup-cache-allocator-block-size=4194304"
    "memorysetup-typetree-allocator-block-size=2097152"
    "memorysetup-profiler-bucket-allocator-granularity=16"
    "memorysetup-profiler-bucket-allocator-bucket-count=8"
    "memorysetup-profiler-bucket-allocator-block-size=33554432"
    "memorysetup-profiler-bucket-allocator-block-count=8"
    "memorysetup-profiler-allocator-block-size=16777216"
    "memorysetup-profiler-editor-allocator-block-size=1048576"
    "memorysetup-temp-allocator-size-main=16777216"
    "memorysetup-job-temp-allocator-block-size=2097152"
    "memorysetup-job-temp-allocator-block-size-background=1048576"
    "memorysetup-job-temp-allocator-reduction-small-platforms=262144"
    "memorysetup-temp-allocator-size-background-worker=32768"
    "memorysetup-temp-allocator-size-job-worker=262144"
    "memorysetup-temp-allocator-size-preload-manager=33554432"
    "memorysetup-temp-allocator-size-nav-mesh-worker=65536"
    "memorysetup-temp-allocator-size-audio-worker=65536"
    "memorysetup-temp-allocator-size-cloud-worker=32768"
    "memorysetup-temp-allocator-size-gi-baking-worker=262144"
    "memorysetup-temp-allocator-size-gfx=262144"
Refreshing native plugins compatible for Editor in 76.22 ms, found 3 plugins.
Preloading 0 native plugins for Editor in 0.00 ms.
Initialize engine version: 2021.3.12f1 (8af3c3e441b1)
[Subsystems] Discovering subsystems at path C:/Program Files/Unity/Hub/Editor/2021.3.12f1/Editor/Data/Resources/UnitySubsystems
[Subsystems] Discovering subsystems at path C:/Users/Administrator/Desktop/unity0513/siha0513anima/Assets
GfxDevice: creating device client; threaded=0; jobified=0
Direct3D:
    Version:  Direct3D 11.0 [level 11.1]
    Renderer: NVIDIA GeForce GTX 1660 (ID=0x2184)
    Vendor:   NVIDIA
    VRAM:     5992 MB
    Driver:   31.0.15.1694
Initialize mono
Mono path[0] = 'C:/Program Files/Unity/Hub/Editor/2021.3.12f1/Editor/Data/Managed'
Mono path[1] = 'C:/Program Files/Unity/Hub/Editor/2021.3.12f1/Editor/Data/MonoBleedingEdge/lib/mono/unityjit-win32'
Mono config path = 'C:/Program Files/Unity/Hub/Editor/2021.3.12f1/Editor/Data/MonoBleedingEdge/etc'
Using monoOptions --debugger-agent=transport=dt_socket,embedding=1,server=y,suspend=n,address=127.0.0.1:56356
Begin MonoManager ReloadAssembly
Registering precompiled unity dll's ...
Register platform support module: C:/Program Files/Unity/Hub/Editor/2021.3.12f1/Editor/Data/PlaybackEngines/AndroidPlayer/UnityEditor.Android.Extensions.dll
Register platform support module: C:/Program Files/Unity/Hub/Editor/2021.3.12f1/Editor/Data/PlaybackEngines/WindowsStandaloneSupport/UnityEditor.WindowsStandalone.Extensions.dll
Registered in 0.005650 seconds.
Native extension for WindowsStandalone target not found
Native extension for Android target not found
Refreshing native plugins compatible for Editor in 72.05 ms, found 3 plugins.
Preloading 0 native plugins for Editor in 0.00 ms.
Mono: successfully reloaded assembly
- Completed reload, in  0.564 seconds
Domain Reload Profiling:
	ReloadAssembly (564ms)
		BeginReloadAssembly (59ms)
			ExecutionOrderSort (0ms)
			DisableScriptedObjects (0ms)
			BackupInstance (0ms)
			ReleaseScriptingObjects (0ms)
			CreateAndSetChildDomain (1ms)
		EndReloadAssembly (411ms)
			LoadAssemblies (58ms)
			RebuildTransferFunctionScriptingTraits (0ms)
			SetupTypeCache (92ms)
			ReleaseScriptCaches (0ms)
			RebuildScriptCaches (28ms)
			SetupLoadedEditorAssemblies (248ms)
				LogAssemblyErrors (0ms)
				InitializePlatformSupportModulesInManaged (36ms)
				SetLoadedEditorAssemblies (0ms)
				RefreshPlugins (72ms)
				BeforeProcessingInitializeOnLoad (1ms)
				ProcessInitializeOnLoadAttributes (93ms)
				ProcessInitializeOnLoadMethodAttributes (45ms)
				AfterProcessingInitializeOnLoad (0ms)
				EditorAssembliesLoaded (0ms)
			ExecutionOrderSort2 (0ms)
			AwakeInstancesAfterBackupRestoration (0ms)
Platform modules already initialized, skipping
Registering precompiled user dll's ...
Registered in 0.004597 seconds.
Begin MonoManager ReloadAssembly
Symbol file LoadedFromMemory doesn't match image C:\Users\Administrator\Desktop\unity0513\siha0513anima\Library\PackageCache\com.unity.visualscripting@1.7.8\Editor\VisualScripting.Core\Dependencies\YamlDotNet\Unity.VisualScripting.YamlDotNet.dll
Symbol file LoadedFromMemory doesn't match image C:\Users\Administrator\Desktop\unity0513\siha0513anima\Library\PackageCache\com.unity.visualscripting@1.7.8\Editor\VisualScripting.Core\Dependencies\DotNetZip\Unity.VisualScripting.IonicZip.dll
Native extension for WindowsStandalone target not found
Native extension for Android target not found
Refreshing native plugins compatible for Editor in 0.51 ms, found 3 plugins.
Preloading 0 native plugins for Editor in 0.00 ms.
Mono: successfully reloaded assembly
- Completed reload, in  0.937 seconds
Domain Reload Profiling:
	ReloadAssembly (938ms)
		BeginReloadAssembly (101ms)
			ExecutionOrderSort (0ms)
			DisableScriptedObjects (6ms)
			BackupInstance (0ms)
			ReleaseScriptingObjects (0ms)
			CreateAndSetChildDomain (21ms)
		EndReloadAssembly (734ms)
			LoadAssemblies (69ms)
			RebuildTransferFunctionScriptingTraits (0ms)
			SetupTypeCache (253ms)
			ReleaseScriptCaches (1ms)
			RebuildScriptCaches (47ms)
			SetupLoadedEditorAssemblies (332ms)
				LogAssemblyErrors (0ms)
				InitializePlatformSupportModulesInManaged (16ms)
				SetLoadedEditorAssemblies (0ms)
				RefreshPlugins (1ms)
				BeforeProcessingInitializeOnLoad (86ms)
				ProcessInitializeOnLoadAttributes (198ms)
				ProcessInitializeOnLoadMethodAttributes (25ms)
				AfterProcessingInitializeOnLoad (6ms)
				EditorAssembliesLoaded (0ms)
			ExecutionOrderSort2 (0ms)
			AwakeInstancesAfterBackupRestoration (4ms)
Platform modules already initialized, skipping
========================================================================
Worker process is ready to serve import requests
Launched and connected shader compiler UnityShaderCompiler.exe after 0.03 seconds
Refreshing native plugins compatible for Editor in 0.62 ms, found 3 plugins.
Preloading 0 native plugins for Editor in 0.00 ms.
Unloading 3382 Unused Serialized files (Serialized files now loaded: 0)
Unloading 27 unused Assets / (113.5 KB). Loaded Objects now: 3841.
Memory consumption went from 116.3 MB to 116.2 MB.
Total: 2.854100 ms (FindLiveObjects: 0.254300 ms CreateObjectMapping: 0.270300 ms MarkObjects: 2.239700 ms  DeleteObjects: 0.089000 ms)

AssetImportParameters requested are different than current active one (requested -> active):
  custom:video-decoder-ogg-theora: a1e56fd34408186e4bbccfd4996cb3dc -> 
  custom:container-muxer-webm: aa71ff27fc2769a1b78a27578f13a17b -> 
  custom:container-demuxer-webm: 4f35f7cbe854078d1ac9338744f61a02 -> 
  custom:video-encoder-webm-vp8: eb34c28f22e8b96e1ab97ce403110664 -> 
  custom:audio-encoder-webm-vorbis: bf7c407c2cedff20999df2af8eb42d56 -> 
  custom:framework-win-MediaFoundation: 216162199b28c13a410421893ffa2e32 -> 
  custom:container-demuxer-ogg: 62fdf1f143b41e24485cea50d1cbac27 -> 
  custom:video-decoder-webm-vp8: 9c59270c3fd7afecdb556c50c9e8de78 -> 
  custom:audio-decoder-ogg-vorbis: bf7c407c2cedff20999df2af8eb42d56 -> 
========================================================================
Received Import Request.
  Time since last request: 1295.905031 seconds.
  path: Assets/Tutorial
  artifactKey: Guid(2edcdb5d364b3474da0a871dc45b50dd) Importer(815301076,1909f56bfc062723c751e8b465ee728b)
Start importing Assets/Tutorial using Guid(2edcdb5d364b3474da0a871dc45b50dd) Importer(815301076,1909f56bfc062723c751e8b465ee728b)  -> (artifact id: 'b118a34176acb53bfcea227e59b73909') in 0.010332 seconds 
========================================================================
Received Import Request.
  Time since last request: 36.750172 seconds.
  path: Assets/Animation
  artifactKey: Guid(ad2d8cf5f52a6094fae627c4e2535545) Importer(815301076,1909f56bfc062723c751e8b465ee728b)
Start importing Assets/Animation using Guid(ad2d8cf5f52a6094fae627c4e2535545) Importer(815301076,1909f56bfc062723c751e8b465ee728b)  -> (artifact id: '20fa110087c37972f68d290c5491b261') in 0.006897 seconds 
========================================================================
Received Prepare
Registering precompiled user dll's ...
Registered in 0.003995 seconds.
Begin MonoManager ReloadAssembly
Symbol file LoadedFromMemory doesn't match image C:\Users\Administrator\Desktop\unity0513\siha0513anima\Library\PackageCache\com.unity.visualscripting@1.7.8\Editor\VisualScripting.Core\Dependencies\YamlDotNet\Unity.VisualScripting.YamlDotNet.dll
Symbol file LoadedFromMemory doesn't match image C:\Users\Administrator\Desktop\unity0513\siha0513anima\Library\PackageCache\com.unity.visualscripting@1.7.8\Editor\VisualScripting.Core\Dependencies\DotNetZip\Unity.VisualScripting.IonicZip.dll
Native extension for WindowsStandalone target not found
Native extension for Android target not found
Refreshing native plugins compatible for Editor in 0.49 ms, found 3 plugins.
Preloading 0 native plugins for Editor in 0.00 ms.
Mono: successfully reloaded assembly
- Completed reload, in  0.886 seconds
Domain Reload Profiling:
	ReloadAssembly (886ms)
		BeginReloadAssembly (122ms)
			ExecutionOrderSort (0ms)
			DisableScriptedObjects (5ms)
			BackupInstance (0ms)
			ReleaseScriptingObjects (0ms)
			CreateAndSetChildDomain (33ms)
		EndReloadAssembly (678ms)
			LoadAssemblies (79ms)
			RebuildTransferFunctionScriptingTraits (0ms)
			SetupTypeCache (236ms)
			ReleaseScriptCaches (1ms)
			RebuildScriptCaches (41ms)
			SetupLoadedEditorAssemblies (286ms)
				LogAssemblyErrors (0ms)
				InitializePlatformSupportModulesInManaged (20ms)
				SetLoadedEditorAssemblies (0ms)
				RefreshPlugins (1ms)
				BeforeProcessingInitializeOnLoad (63ms)
				ProcessInitializeOnLoadAttributes (171ms)
				ProcessInitializeOnLoadMethodAttributes (25ms)
				AfterProcessingInitializeOnLoad (6ms)
				EditorAssembliesLoaded (0ms)
			ExecutionOrderSort2 (0ms)
			AwakeInstancesAfterBackupRestoration (4ms)
Platform modules already initialized, skipping
Refreshing native plugins compatible for Editor in 1.47 ms, found 3 plugins.
Preloading 0 native plugins for Editor in 0.00 ms.
Unloading 3377 Unused Serialized files (Serialized files now loaded: 0)
Unloading 20 unused Assets / (79.8 KB). Loaded Objects now: 3844.
Memory consumption went from 116.2 MB to 116.2 MB.
Total: 2.515100 ms (FindLiveObjects: 0.248600 ms CreateObjectMapping: 0.153200 ms MarkObjects: 2.034800 ms  DeleteObjects: 0.077700 ms)

AssetImportParameters requested are different than current active one (requested -> active):
  custom:video-decoder-ogg-theora: a1e56fd34408186e4bbccfd4996cb3dc -> 
  custom:container-muxer-webm: aa71ff27fc2769a1b78a27578f13a17b -> 
  custom:container-demuxer-webm: 4f35f7cbe854078d1ac9338744f61a02 -> 
  custom:video-encoder-webm-vp8: eb34c28f22e8b96e1ab97ce403110664 -> 
  custom:audio-encoder-webm-vorbis: bf7c407c2cedff20999df2af8eb42d56 -> 
  custom:framework-win-MediaFoundation: 216162199b28c13a410421893ffa2e32 -> 
  custom:container-demuxer-ogg: 62fdf1f143b41e24485cea50d1cbac27 -> 
  custom:video-decoder-webm-vp8: 9c59270c3fd7afecdb556c50c9e8de78 -> 
  custom:audio-decoder-ogg-vorbis: bf7c407c2cedff20999df2af8eb42d56 -> 
========================================================================
Received Import Request.
  Time since last request: 51.635448 seconds.
  path: Assets/Tutorial/Model
  artifactKey: Guid(92d16e2de4a5fe94cbeb431b1232a46b) Importer(815301076,1909f56bfc062723c751e8b465ee728b)
Start importing Assets/Tutorial/Model using Guid(92d16e2de4a5fe94cbeb431b1232a46b) Importer(815301076,1909f56bfc062723c751e8b465ee728b)  -> (artifact id: '544512df2729dbca04b2ab7dcd777fc5') in 0.012071 seconds 
========================================================================
Received Import Request.
  Time since last request: 9.928132 seconds.
  path: Assets/Tutorial/Texture
  artifactKey: Guid(2001d1cee3fbb794bad5ca30dcdc58d6) Importer(815301076,1909f56bfc062723c751e8b465ee728b)
Start importing Assets/Tutorial/Texture using Guid(2001d1cee3fbb794bad5ca30dcdc58d6) Importer(815301076,1909f56bfc062723c751e8b465ee728b)  -> (artifact id: 'c140aa3e640398ac8fe3ab53069c8b34') in 0.006160 seconds 
========================================================================
Received Import Request.
  Time since last request: 0.109919 seconds.
  path: Assets/Tutorial/Texture/Ch14_1001_Diffuse.png
  artifactKey: Guid(2c8243e7fac30054dbda920dfd340840) Importer(815301076,1909f56bfc062723c751e8b465ee728b)
Start importing Assets/Tutorial/Texture/Ch14_1001_Diffuse.png using Guid(2c8243e7fac30054dbda920dfd340840) Importer(815301076,1909f56bfc062723c751e8b465ee728b)  -> (artifact id: '5a80e6232e90c0a32744b2070218539d') in 0.071556 seconds 
========================================================================
Received Import Request.
  Time since last request: 0.000015 seconds.
  path: Assets/Tutorial/Texture/Ch14_1001_Specular.png
  artifactKey: Guid(6004c4c70fc2f3d4d93d7e5b4de74619) Importer(815301076,1909f56bfc062723c751e8b465ee728b)
Start importing Assets/Tutorial/Texture/Ch14_1001_Specular.png using Guid(6004c4c70fc2f3d4d93d7e5b4de74619) Importer(815301076,1909f56bfc062723c751e8b465ee728b)  -> (artifact id: '9ec37273ae2751145a3bddf3314a442b') in 0.013677 seconds 
========================================================================
Received Import Request.
  Time since last request: 68.287930 seconds.
  path: Assets/animation clip
  artifactKey: Guid(5ced33e2d8a0c394292bc4590388b165) Importer(815301076,1909f56bfc062723c751e8b465ee728b)
Start importing Assets/animation clip using Guid(5ced33e2d8a0c394292bc4590388b165) Importer(815301076,1909f56bfc062723c751e8b465ee728b)  -> (artifact id: 'ac5932a9873588b55603b3f0b0e8fb62') in 0.006027 seconds 
========================================================================
Received Import Request.
  Time since last request: 19.409102 seconds.
  path: Assets/Animation Clip
  artifactKey: Guid(5ced33e2d8a0c394292bc4590388b165) Importer(815301076,1909f56bfc062723c751e8b465ee728b)
Start importing Assets/Animation Clip using Guid(5ced33e2d8a0c394292bc4590388b165) Importer(815301076,1909f56bfc062723c751e8b465ee728b)  -> (artifact id: 'a72ef36e6f9544af7bcb752d4daa1ae6') in 0.006013 seconds 
========================================================================
Received Import Request.
  Time since last request: 59.112260 seconds.
  path: Assets/Animation Clip/New Folder
  artifactKey: Guid(36a254d330da6d74c872ade177baaf90) Importer(815301076,1909f56bfc062723c751e8b465ee728b)
Start importing Assets/Animation Clip/New Folder using Guid(36a254d330da6d74c872ade177baaf90) Importer(815301076,1909f56bfc062723c751e8b465ee728b)  -> (artifact id: '61b40b797e759d37f008c80872988428') in 0.006220 seconds 
========================================================================
Received Import Request.
  Time since last request: 6.309671 seconds.
  path: Assets/Animation Clip/New Folder 1
  artifactKey: Guid(5e237c96b95527f4abc78a9084e2b930) Importer(815301076,1909f56bfc062723c751e8b465ee728b)
Start importing Assets/Animation Clip/New Folder 1 using Guid(5e237c96b95527f4abc78a9084e2b930) Importer(815301076,1909f56bfc062723c751e8b465ee728b)  -> (artifact id: '49d79595a6641770400bf793dc0cc42e') in 0.006374 seconds 
========================================================================
Received Import Request.
  Time since last request: 4.021208 seconds.
  path: Assets/Animation Clip/New Folder 2
  artifactKey: Guid(8d3888da5a52c4c47b2cda425de122a4) Importer(815301076,1909f56bfc062723c751e8b465ee728b)
Start importing Assets/Animation Clip/New Folder 2 using Guid(8d3888da5a52c4c47b2cda425de122a4) Importer(815301076,1909f56bfc062723c751e8b465ee728b)  -> (artifact id: 'b672e57474b25911ca4e63c4efd7bf82') in 0.006143 seconds 
========================================================================
Received Import Request.
  Time since last request: 29.696624 seconds.
  path: Assets/Animation Clip/Animation
  artifactKey: Guid(36a254d330da6d74c872ade177baaf90) Importer(815301076,1909f56bfc062723c751e8b465ee728b)
Start importing Assets/Animation Clip/Animation using Guid(36a254d330da6d74c872ade177baaf90) Importer(815301076,1909f56bfc062723c751e8b465ee728b)  -> (artifact id: '5964167e47a02b145ad148be1ab43a4f') in 0.006244 seconds 
========================================================================
Received Import Request.
  Time since last request: 9.784373 seconds.
  path: Assets/Animation Clip/Scene
  artifactKey: Guid(5e237c96b95527f4abc78a9084e2b930) Importer(815301076,1909f56bfc062723c751e8b465ee728b)
Start importing Assets/Animation Clip/Scene using Guid(5e237c96b95527f4abc78a9084e2b930) Importer(815301076,1909f56bfc062723c751e8b465ee728b)  -> (artifact id: '4e61afc510acb1f5a85b2763d3874be6') in 0.006618 seconds 
========================================================================
Received Import Request.
  Time since last request: 10.859010 seconds.
  path: Assets/Animation Clip/Script
  artifactKey: Guid(8d3888da5a52c4c47b2cda425de122a4) Importer(815301076,1909f56bfc062723c751e8b465ee728b)
Start importing Assets/Animation Clip/Script using Guid(8d3888da5a52c4c47b2cda425de122a4) Importer(815301076,1909f56bfc062723c751e8b465ee728b)  -> (artifact id: 'ee02be837101ae6ee46425f1fbd4d21d') in 0.006276 seconds 
========================================================================
Received Import Request.
  Time since last request: 57.398707 seconds.
  path: Assets/Animation Clip/Scene/Animation Clip Example.unity
  artifactKey: Guid(dd14acf2764285545a18e4c7d9a29bdf) Importer(815301076,1909f56bfc062723c751e8b465ee728b)
Start importing Assets/Animation Clip/Scene/Animation Clip Example.unity using Guid(dd14acf2764285545a18e4c7d9a29bdf) Importer(815301076,1909f56bfc062723c751e8b465ee728b)  -> (artifact id: 'a34ddbd793f13ca18966be2b5a71f094') in 0.006624 seconds 
========================================================================
Received Import Request.
  Time since last request: 669.315290 seconds.
  path: Assets/Animation Clip/Texture
  artifactKey: Guid(272056b39e2a3d942a9669d89eb05c8c) Importer(815301076,1909f56bfc062723c751e8b465ee728b)
Start importing Assets/Animation Clip/Texture using Guid(272056b39e2a3d942a9669d89eb05c8c) Importer(815301076,1909f56bfc062723c751e8b465ee728b)  -> (artifact id: '188b6b31b0d3d540be3a6fa20baeb751') in 0.001725 seconds 
========================================================================
Received Import Request.
  Time since last request: 0.113925 seconds.
  path: Assets/Animation Clip/Texture/Close.png
  artifactKey: Guid(d922c8340304b7048b808a35f0a8af0e) Importer(815301076,1909f56bfc062723c751e8b465ee728b)
Start importing Assets/Animation Clip/Texture/Close.png using Guid(d922c8340304b7048b808a35f0a8af0e) Importer(815301076,1909f56bfc062723c751e8b465ee728b)  -> (artifact id: 'beb3362bd8fc3e98a16d3cf8bc0806a1') in 0.057585 seconds 
========================================================================
Received Import Request.
  Time since last request: 0.000033 seconds.
  path: Assets/Animation Clip/Texture/Title.psd
  artifactKey: Guid(f92a55d8c0614a64cb52310d887b2e2f) Importer(815301076,1909f56bfc062723c751e8b465ee728b)
Start importing Assets/Animation Clip/Texture/Title.psd using Guid(f92a55d8c0614a64cb52310d887b2e2f) Importer(815301076,1909f56bfc062723c751e8b465ee728b)  -> (artifact id: 'b40ede63c625b6150d66282b845d684a') in 0.029127 seconds 
Editor requested this worker to shutdown with reason: Scaling down because of idle timeout
AssetImportWorker is now disconnected from the server
Process exiting
Exiting without the bug reporter. Application will terminate with return code 0